0 info it worked if it ends with ok
1 verbose cli [ '/Users/danr/.nvm/versions/node/v6.5.0/bin/node',
1 verbose cli   '/Users/danr/.nvm/versions/node/v6.5.0/bin/npm',
1 verbose cli   'install' ]
2 info using npm@3.10.3
3 info using node@v6.5.0
4 silly loadCurrentTree Starting
5 silly install loadCurrentTree
6 silly install readLocalPackageData
7 silly install normalizeTree
8 silly loadCurrentTree Finishing
9 silly loadIdealTree Starting
10 silly install loadIdealTree
11 silly cloneCurrentTree Starting
12 silly install cloneCurrentTreeToIdealTree
13 silly cloneCurrentTree Finishing
14 silly loadShrinkwrap Starting
15 silly install loadShrinkwrap
16 silly loadShrinkwrap Finishing
17 silly loadAllDepsIntoIdealTree Starting
18 silly install loadAllDepsIntoIdealTree
19 silly fetchOtherPackageData electron@git+ssh://git@github.com/electron/electron.git#7520
20 silly cache add args [ 'electron@git+ssh://git@github.com/electron/electron.git#7520',
20 silly cache add   null ]
21 verbose cache add spec electron@git+ssh://git@github.com/electron/electron.git#7520
22 silly cache add parsed spec Result {
22 silly cache add   raw: 'electron@git+ssh://git@github.com/electron/electron.git#7520',
22 silly cache add   scope: null,
22 silly cache add   escapedName: 'electron',
22 silly cache add   name: 'electron',
22 silly cache add   rawSpec: 'git+ssh://git@github.com/electron/electron.git#7520',
22 silly cache add   spec: 'git+ssh://git@github.com/electron/electron.git#7520',
22 silly cache add   type: 'hosted',
22 silly cache add   hosted:
22 silly cache add    { type: 'github',
22 silly cache add      ssh: 'git@github.com:electron/electron.git#7520',
22 silly cache add      sshUrl: 'git+ssh://git@github.com/electron/electron.git#7520',
22 silly cache add      httpsUrl: 'git+https://github.com/electron/electron.git#7520',
22 silly cache add      gitUrl: 'git://github.com/electron/electron.git#7520',
22 silly cache add      shortcut: 'github:electron/electron#7520',
22 silly cache add      directUrl: 'https://raw.githubusercontent.com/electron/electron/7520/package.json' } }
23 verbose addRemoteGit caching git+ssh://git@github.com/electron/electron.git#7520
24 verbose addRemoteGit git+ssh://git@github.com/electron/electron.git#7520 is a repository hosted by github
25 silly tryClone cloning git+ssh://git@github.com/electron/electron.git#7520 via git+ssh://git@github.com/electron/electron.git#7520
26 verbose tryClone git-ssh-git-github-com-electron-electron-git-7520-7b39749e not in flight; caching
27 verbose correctMkdir /Users/danr/.npm/_git-remotes correctMkdir not in flight; initializing
28 info git [ 'clone',
28 info git   '--template=/Users/danr/.npm/_git-remotes/_templates',
28 info git   '--mirror',
28 info git   'ssh://git@github.com/electron/electron.git',
28 info git   '/Users/danr/.npm/_git-remotes/git-ssh-git-github-com-electron-electron-git-7520-7b39749e' ]
29 verbose mirrorRemote git+ssh://git@github.com/electron/electron.git#7520 git clone ssh://git@github.com/electron/electron.git
30 verbose correctMkdir /Users/danr/.npm/_git-remotes correctMkdir not in flight; initializing
31 verbose setPermissions git+ssh://git@github.com/electron/electron.git#7520 set permissions on /Users/danr/.npm/_git-remotes/git-ssh-git-github-com-electron-electron-git-7520-7b39749e
32 verbose resolveHead git+ssh://git@github.com/electron/electron.git#7520 original treeish: 7520
33 info git [ 'rev-list', '-n1', '7520' ]
34 error git rev-list -n1 7520: error: short SHA1 7520 is ambiguous.
34 error git rev-list -n1 7520: error: short SHA1 7520 is ambiguous.
34 error git rev-list -n1 7520: fatal: ambiguous argument '7520': unknown revision or path not in the working tree.
34 error git rev-list -n1 7520: Use '--' to separate paths from revisions, like this:
34 error git rev-list -n1 7520: 'git <command> [<revision>...] -- [<file>...]'
35 silly fetchPackageMetaData Error: Command failed: git rev-list -n1 7520
35 silly fetchPackageMetaData error: short SHA1 7520 is ambiguous.
35 silly fetchPackageMetaData error: short SHA1 7520 is ambiguous.
35 silly fetchPackageMetaData fatal: ambiguous argument '7520': unknown revision or path not in the working tree.
35 silly fetchPackageMetaData Use '--' to separate paths from revisions, like this:
35 silly fetchPackageMetaData 'git <command> [<revision>...] -- [<file>...]'
35 silly fetchPackageMetaData
35 silly fetchPackageMetaData     at ChildProcess.exithandler (child_process.js:206:12)
35 silly fetchPackageMetaData     at emitTwo (events.js:106:13)
35 silly fetchPackageMetaData     at ChildProcess.emit (events.js:191:7)
35 silly fetchPackageMetaData     at maybeClose (internal/child_process.js:877:16)
35 silly fetchPackageMetaData     at Socket.<anonymous> (internal/child_process.js:334:11)
35 silly fetchPackageMetaData     at emitOne (events.js:96:13)
35 silly fetchPackageMetaData     at Socket.emit (events.js:188:7)
35 silly fetchPackageMetaData     at Pipe._handle.close [as _onclose] (net.js:493:12)
35 silly fetchPackageMetaData  error for electron@git+ssh://git@github.com/electron/electron.git#7520 { Error: Command failed: git rev-list -n1 7520
35 silly fetchPackageMetaData error: short SHA1 7520 is ambiguous.
35 silly fetchPackageMetaData error: short SHA1 7520 is ambiguous.
35 silly fetchPackageMetaData fatal: ambiguous argument '7520': unknown revision or path not in the working tree.
35 silly fetchPackageMetaData Use '--' to separate paths from revisions, like this:
35 silly fetchPackageMetaData 'git <command> [<revision>...] -- [<file>...]'
35 silly fetchPackageMetaData
35 silly fetchPackageMetaData     at ChildProcess.exithandler (child_process.js:206:12)
35 silly fetchPackageMetaData     at emitTwo (events.js:106:13)
35 silly fetchPackageMetaData     at ChildProcess.emit (events.js:191:7)
35 silly fetchPackageMetaData     at maybeClose (internal/child_process.js:877:16)
35 silly fetchPackageMetaData     at Socket.<anonymous> (internal/child_process.js:334:11)
35 silly fetchPackageMetaData     at emitOne (events.js:96:13)
35 silly fetchPackageMetaData     at Socket.emit (events.js:188:7)
35 silly fetchPackageMetaData     at Pipe._handle.close [as _onclose] (net.js:493:12)
35 silly fetchPackageMetaData   killed: false,
35 silly fetchPackageMetaData   code: 128,
35 silly fetchPackageMetaData   signal: null,
35 silly fetchPackageMetaData   cmd: 'git rev-list -n1 7520' }
36 silly rollbackFailedOptional Starting
37 silly rollbackFailedOptional Finishing
38 silly runTopLevelLifecycles Starting
39 silly runTopLevelLifecycles Finishing
40 silly install printInstalled
41 verbose stack Error: Command failed: git rev-list -n1 7520
41 verbose stack error: short SHA1 7520 is ambiguous.
41 verbose stack error: short SHA1 7520 is ambiguous.
41 verbose stack fatal: ambiguous argument '7520': unknown revision or path not in the working tree.
41 verbose stack Use '--' to separate paths from revisions, like this:
41 verbose stack 'git <command> [<revision>...] -- [<file>...]'
41 verbose stack
41 verbose stack     at ChildProcess.exithandler (child_process.js:206:12)
41 verbose stack     at emitTwo (events.js:106:13)
41 verbose stack     at ChildProcess.emit (events.js:191:7)
41 verbose stack     at maybeClose (internal/child_process.js:877:16)
41 verbose stack     at Socket.<anonymous> (internal/child_process.js:334:11)
41 verbose stack     at emitOne (events.js:96:13)
41 verbose stack     at Socket.emit (events.js:188:7)
41 verbose stack     at Pipe._handle.close [as _onclose] (net.js:493:12)
42 verbose cwd /Users/danr/Clients/big-data/final-project-frontend/repo
43 error Darwin 15.5.0
44 error argv "/Users/danr/.nvm/versions/node/v6.5.0/bin/node" "/Users/danr/.nvm/versions/node/v6.5.0/bin/npm" "install"
45 error node v6.5.0
46 error npm  v3.10.3
47 error code 128
48 error Command failed: git rev-list -n1 7520
48 error error: short SHA1 7520 is ambiguous.
48 error error: short SHA1 7520 is ambiguous.
48 error fatal: ambiguous argument '7520': unknown revision or path not in the working tree.
48 error Use '--' to separate paths from revisions, like this:
48 error 'git <command> [<revision>...] -- [<file>...]'
49 error If you need help, you may report this error at:
49 error     <https://github.com/npm/npm/issues>
50 verbose exit [ 1, true ]
